<?xml version="1.0" encoding="UTF-8"?>
<testng-results ignored="0" total="1" passed="1" failed="0" skipped="0">
  <reporter-output>
  </reporter-output>
  <suite started-at="2024-12-18T14:18:29 IST" name="Suite" finished-at="2024-12-18T14:18:55 IST" duration-ms="25707">
    <groups>
    </groups>
    <test started-at="2024-12-18T14:18:29 IST" name="Test" finished-at="2024-12-18T14:18:55 IST" duration-ms="25707">
      <class name="Module1_Login_Test.SwagLabLoginTest">
        <test-method is-config="true" signature="openBrowser()[pri:0, instance:Module1_Login_Test.SwagLabLoginTest@7f3b84b8]" started-at="2024-12-18T14:18:29 IST" name="openBrowser" finished-at="2024-12-18T14:18:46 IST" duration-ms="16506" status="PASS">
          <reporter-output>
          </reporter-output>
        </test-method> <!-- openBrowser -->
        <test-method is-config="true" signature="loginToApp()[pri:0, instance:Module1_Login_Test.SwagLabLoginTest@7f3b84b8]" started-at="2024-12-18T14:18:46 IST" name="loginToApp" finished-at="2024-12-18T14:18:49 IST" duration-ms="3612" status="PASS">
          <reporter-output>
          </reporter-output>
        </test-method> <!-- loginToApp -->
        <test-method signature="verifyLogo()[pri:0, instance:Module1_Login_Test.SwagLabLoginTest@7f3b84b8]" started-at="2024-12-18T14:18:49 IST" name="verifyLogo" finished-at="2024-12-18T14:18:52 IST" duration-ms="2457" status="PASS">
          <reporter-output>
          </reporter-output>
        </test-method> <!-- verifyLogo -->
        <test-method is-config="true" signature="logoutFromApp(org.testng.ITestResult)[pri:0, instance:Module1_Login_Test.SwagLabLoginTest@7f3b84b8]" started-at="2024-12-18T14:18:52 IST" name="logoutFromApp" finished-at="2024-12-18T14:18:54 IST" duration-ms="2318" status="PASS">
          <params>
            <param index="0">
              <value>
                <![CDATA[[TestResult name=verifyLogo status=SUCCESS method=SwagLabLoginTest.verifyLogo()[pri:0, instance:Module1_Login_Test.SwagLabLoginTest@7f3b84b8] output={null}]]]>
              </value>
            </param>
          </params>
          <reporter-output>
          </reporter-output>
        </test-method> <!-- logoutFromApp -->
        <test-method is-config="true" signature="closeBrowser()[pri:0, instance:Module1_Login_Test.SwagLabLoginTest@7f3b84b8]" started-at="2024-12-18T14:18:54 IST" name="closeBrowser" finished-at="2024-12-18T14:18:55 IST" duration-ms="681" status="PASS">
          <reporter-output>
          </reporter-output>
        </test-method> <!-- closeBrowser -->
      </class> <!-- Module1_Login_Test.SwagLabLoginTest -->
    </test> <!-- Test -->
  </suite> <!-- Suite -->
</testng-results>
